<?xml version="1.0" encoding="UTF-8"?>
<testsuite xmlns:xsi="http://www.w3.org/2001/XMLSchema-instance" xsi:schemaLocation="https://maven.apache.org/surefire/maven-surefire-plugin/xsd/surefire-test-report.xsd" name="TestSuite" time="12.674" tests="1" errors="0" skipped="0" failures="0">
  <properties>
    <property name="PROCESSOR_ARCHITECTURE" value="AMD64"/>
    <property name="file.encoding.pkg" value="sun.io"/>
    <property name="LOGONSERVER" value="\\LAPTOP-9DP72GKA"/>
    <property name="ProgramData" value="C:\ProgramData"/>
    <property name="java.home" value="C:\Program Files\Java\jdk1.8.0_192\jre"/>
    <property name="NODE_NAME" value="built-in"/>
    <property name="JENKINS_URL" value="http://localhost:8080/"/>
    <property name="ALLUSERSPROFILE" value="C:\ProgramData"/>
    <property name="java.endorsed.dirs" value="C:\Program Files\Java\jdk1.8.0_192\jre\lib\endorsed"/>
    <property name="PSModulePath" value="C:\Program Files\WindowsPowerShell\Modules;C:\WINDOWS\system32\WindowsPowerShell\v1.0\Modules;C:\Program Files (x86)\Microsoft SQL Server\110\Tools\PowerShell\Modules\"/>
    <property name="=::" value="::\"/>
    <property name="USERDOMAIN" value="LAPTOP-9DP72GKA"/>
    <property name="sun.os.patch.level" value=""/>
    <property name="java.vendor.url" value="http://java.oracle.com/"/>
    <property name="CommonProgramFiles(x86)" value="C:\Program Files (x86)\Common Files"/>
    <property name="java.version" value="1.8.0_192"/>
    <property name="JOB_NAME" value="Maven_Hybrid_Project"/>
    <property name="COMPUTERNAME" value="LAPTOP-9DP72GKA"/>
    <property name="java.vendor.url.bug" value="http://bugreport.sun.com/bugreport/"/>
    <property name="PUBLIC" value="C:\Users\Public"/>
    <property name="user.name" value="Sagar"/>
    <property name="sun.io.unicode.encoding" value="UnicodeLittle"/>
    <property name="sun.jnu.encoding" value="Cp1252"/>
    <property name="java.runtime.name" value="Java(TM) SE Runtime Environment"/>
    <property name="windir" value="C:\WINDOWS"/>
    <property name="PROCESSOR_IDENTIFIER" value="Intel64 Family 6 Model 61 Stepping 4, GenuineIntel"/>
    <property name="java.specification.name" value="Java Platform API Specification"/>
    <property name="LOCALAPPDATA" value="C:\Users\Sagar\AppData\Local"/>
    <property name="RUN_CHANGES_DISPLAY_URL" value="http://localhost:8080/job/Maven_Hybrid_Project/3/display/redirect?page=changes"/>
    <property name="user.timezone" value="Asia/Calcutta"/>
    <property name="user.script" value=""/>
    <property name="path.separator" value=";"/>
    <property name="NUMBER_OF_PROCESSORS" value="4"/>
    <property name="BUILD_TAG" value="jenkins-Maven_Hybrid_Project-3"/>
    <property name="INFA_RESOURCES" value="C:\Informatica\9.1.0\clients\DeveloperClient\bin"/>
    <property name="file.encoding" value="Cp1252"/>
    <property name="VS140COMNTOOLS" value="C:\Program Files (x86)\Microsoft Visual Studio 14.0\Common7\Tools\"/>
    <property name="RFC_INI" value="C:\Windows\SysWOW64\saprfc.ini"/>
    <property name="sun.java.command" value="jenkins.maven3.agent.Maven35Main I:\Learning\Selenium Setup files\apache-maven-3.8.5-bin\apache-maven-3.8.5 C:\Users\Sagar\.jenkins\war\WEB-INF\lib\remoting-4.12.jar C:\Users\Sagar\.jenkins\plugins\maven-plugin\WEB-INF\lib\maven35-interceptor-1.13.jar C:\Users\Sagar\.jenkins\plugins\maven-plugin\WEB-INF\lib\maven3-interceptor-commons-1.13.jar 51181"/>
    <property name="HUDSON_URL" value="http://localhost:8080/"/>
    <property name="IMF_CPP_RESOURCE_PATH" value="C:\Informatica\9.1.0\clients\DeveloperClient\bin"/>
    <property name="JENKINS_SERVER_COOKIE" value="70b364c22c0dbf9b"/>
    <property name="EXECUTOR_NUMBER" value="1"/>
    <property name="Path" value="C:\Program Files\Java\jdk1.8.0_192/bin;C:\Program Files\Java\jdk1.8.0_192\bin;I:\Learning\Selenium Setup files\apache-maven-3.8.5-bin\apache-maven-3.8.5\bin;C:\WINDOWS\system32;C:\WINDOWS;C:\WINDOWS\System32\Wbem;C:\WINDOWS\System32\WindowsPowerShell\v1.0\;C:\Program Files\Microsoft SQL Server\110\DTS\Binn\;C:\Program Files (x86)\Microsoft SQL Server\110\Tools\Binn\;C:\Program Files\Microsoft SQL Server\110\Tools\Binn\;C:\Program Files (x86)\Microsoft SQL Server\110\Tools\Binn\ManagementStudio\;C:\Program Files (x86)\Microsoft Visual Studio 10.0\Common7\IDE\PrivateAssemblies\;C:\Program Files (x86)\Microsoft SQL Server\110\DTS\Binn\;C:\Program Files\Intel\WiFi\bin\;C:\Program Files\Common Files\Intel\WirelessCommon\;C:\Program Files\Microsoft SQL Server\120\Tools\Binn\;C:\Program Files\Microsoft SQL Server\130\Tools\Binn\;C:\Program Files\nodejs\;C:\WINDOWS\System32\OpenSSH\;C:\wamp64\bin\php\php5.6.31;C:\wamp64\www;C:\Program Files\Java\jdk1.8.0_192\bin;C:\Users\Sagar\AppData\Local\Programs\Python\Python39\Scripts\;C:\Users\Sagar\AppData\Local\Programs\Python\Python39\;C:\Users\Sagar\AppData\Local\Microsoft\WindowsApps;C:\Users\Sagar\AppData\Roaming\npm;C:\Users\Sagar\AppData\Roaming\Composer\vendor\bin;"/>
    <property name="java.io.tmpdir" value="C:\Users\Sagar\AppData\Local\Temp\"/>
    <property name="APPDATA" value="C:\Users\Sagar\AppData\Roaming"/>
    <property name="user.language" value="en"/>
    <property name="line.separator" value="&#10;"/>
    <property name="BUILD_URL" value="http://localhost:8080/job/Maven_Hybrid_Project/3/"/>
    <property name="M2_HOME" value="I:\Learning\Selenium Setup files\apache-maven-3.8.5-bin\apache-maven-3.8.5"/>
    <property name="java.vm.info" value="mixed mode"/>
    <property name="DriverData" value="C:\Windows\System32\Drivers\DriverData"/>
    <property name="sun.desktop" value="windows"/>
    <property name="java.vm.specification.name" value="Java Virtual Machine Specification"/>
    <property name="CI" value="true"/>
    <property name="BUILD_DISPLAY_NAME" value="#3"/>
    <property name="OS" value="Windows_NT"/>
    <property name="guice.disable.misplaced.annotation.check" value="true"/>
    <property name="HUDSON_SERVER_COOKIE" value="70b364c22c0dbf9b"/>
    <property name="WORKSPACE_TMP" value="C:\Users\Sagar\.jenkins\workspace\Maven_Hybrid_Project@tmp"/>
    <property name="MAVEN_HOME" value="I:\Learning\Selenium Setup files\apache-maven-3.8.5-bin\apache-maven-3.8.5"/>
    <property name="SESSIONNAME" value="Console"/>
    <property name="PATHEXT" value=".COM;.EXE;.BAT;.CMD;.VBS;.VBE;.JS;.JSE;.WSF;.WSH;.MSC"/>
    <property name="java.awt.printerjob" value="sun.awt.windows.WPrinterJob"/>
    <property name="maven3.interceptor.common" value="C:\Users\Sagar\.jenkins\plugins\maven-plugin\WEB-INF\lib\maven3-interceptor-commons-1.13.jar"/>
    <property name="CLASSPATH" value=""/>
    <property name="OSSINFO" value="C:\Informatica\9.1.0\DataTransformation"/>
    <property name="jansi.mode" value="strip"/>
    <property name="HOMEPATH" value="\Users\Sagar"/>
    <property name="os.name" value="Windows 10"/>
    <property name="java.specification.vendor" value="Oracle Corporation"/>
    <property name="java.vm.name" value="Java HotSpot(TM) 64-Bit Server VM"/>
    <property name="BUILD_NUMBER" value="3"/>
    <property name="maven3.interceptor" value="C:\Users\Sagar\.jenkins\plugins\maven-plugin\WEB-INF\lib\maven35-interceptor-1.13.jar"/>
    <property name="java.library.path" value="C:\Program Files\Java\jdk1.8.0_192\bin;C:\WINDOWS\Sun\Java\bin;C:\WINDOWS\system32;C:\WINDOWS;I:\Learning\Selenium Setup files\apache-maven-3.8.5-bin\apache-maven-3.8.5/bin;C:\Program Files\Java\jdk1.8.0_192/bin;C:\Program Files\Java\jdk1.8.0_192/bin;C:\Program Files\Java\jdk1.8.0_192\bin;I:\Learning\Selenium Setup files\apache-maven-3.8.5-bin\apache-maven-3.8.5\bin;C:\WINDOWS\system32;C:\WINDOWS;C:\WINDOWS\System32\Wbem;C:\WINDOWS\System32\WindowsPowerShell\v1.0\;C:\Program Files\Microsoft SQL Server\110\DTS\Binn\;C:\Program Files (x86)\Microsoft SQL Server\110\Tools\Binn\;C:\Program Files\Microsoft SQL Server\110\Tools\Binn\;C:\Program Files (x86)\Microsoft SQL Server\110\Tools\Binn\ManagementStudio\;C:\Program Files (x86)\Microsoft Visual Studio 10.0\Common7\IDE\PrivateAssemblies\;C:\Program Files (x86)\Microsoft SQL Server\110\DTS\Binn\;C:\Program Files\Intel\WiFi\bin\;C:\Program Files\Common Files\Intel\WirelessCommon\;C:\Program Files\Microsoft SQL Server\120\Tools\Binn\;C:\Program Files\Microsoft SQL Server\130\Tools\Binn\;C:\Program Files\nodejs\;C:\WINDOWS\System32\OpenSSH\;C:\wamp64\bin\php\php5.6.31;C:\wamp64\www;C:\Program Files\Java\jdk1.8.0_192\bin;C:\Users\Sagar\AppData\Local\Programs\Python\Python39\Scripts\;C:\Users\Sagar\AppData\Local\Programs\Python\Python39\;C:\Users\Sagar\AppData\Local\Microsoft\WindowsApps;C:\Users\Sagar\AppData\Roaming\npm;C:\Users\Sagar\AppData\Roaming\Composer\vendor\bin;;."/>
    <property name="HOMEDRIVE" value="C:"/>
    <property name="POM_GROUPID" value="Maven_Hybrid_Project"/>
    <property name="POM_ARTIFACTID" value="Maven_Hybrid_Project"/>
    <property name="java.class.version" value="52.0"/>
    <property name="JOB_URL" value="http://localhost:8080/job/Maven_Hybrid_Project/"/>
    <property name="OneDrive" value="C:\Users\Sagar\OneDrive"/>
    <property name="RUN_DISPLAY_URL" value="http://localhost:8080/job/Maven_Hybrid_Project/3/display/redirect"/>
    <property name="JENKINS_HOME" value="C:\Users\Sagar\.jenkins"/>
    <property name="BUILD_ID" value="3"/>
    <property name="TEMP" value="C:\Users\Sagar\AppData\Local\Temp"/>
    <property name="sun.boot.library.path" value="C:\Program Files\Java\jdk1.8.0_192\jre\bin"/>
    <property name="sun.management.compiler" value="HotSpot 64-Bit Tiered Compilers"/>
    <property name="java.awt.graphicsenv" value="sun.awt.Win32GraphicsEnvironment"/>
    <property name="user.variant" value=""/>
    <property name="PROCESSOR_REVISION" value="3d04"/>
    <property name="POM_VERSION" value="0.0.1-SNAPSHOT"/>
    <property name="configsetroot" value="C:\WINDOWS\ConfigSetRoot"/>
    <property name="HUDSON_HOME" value="C:\Users\Sagar\.jenkins"/>
    <property name="ProgramFiles(x86)" value="C:\Program Files (x86)"/>
    <property name="PATH+MAVEN" value="I:\Learning\Selenium Setup files\apache-maven-3.8.5-bin\apache-maven-3.8.5/bin"/>
    <property name="IFCONTENTMASTER_HOME" value="C:\Informatica\9.1.0\DataTransformation"/>
    <property name="USERDOMAIN_ROAMINGPROFILE" value="LAPTOP-9DP72GKA"/>
    <property name="RUN_ARTIFACTS_DISPLAY_URL" value="http://localhost:8080/job/Maven_Hybrid_Project/3/display/redirect?page=artifacts"/>
    <property name="PROMPT" value="$P$G"/>
    <property name="java.vm.specification.version" value="1.8"/>
    <property name="JAVA_HOME" value="C:\Program Files\Java\jdk1.8.0_192"/>
    <property name="awt.toolkit" value="sun.awt.windows.WToolkit"/>
    <property name="NODE_LABELS" value="built-in"/>
    <property name="sun.cpu.isalist" value="amd64"/>
    <property name="USERPROFILE" value="C:\Users\Sagar"/>
    <property name="JOB_DISPLAY_URL" value="http://localhost:8080/job/Maven_Hybrid_Project/display/redirect"/>
    <property name="java.ext.dirs" value="C:\Program Files\Java\jdk1.8.0_192\jre\lib\ext;C:\WINDOWS\Sun\Java\lib\ext"/>
    <property name="os.version" value="10.0"/>
    <property name="user.home" value="C:\Users\Sagar"/>
    <property name="USERNAME" value="Sagar"/>
    <property name="java.vm.vendor" value="Oracle Corporation"/>
    <property name="PROCESSOR_LEVEL" value="6"/>
    <property name="CommonProgramW6432" value="C:\Program Files\Common Files"/>
    <property name="user.dir" value="I:\Learning\Eclipse\Maven_Hybrid_Project"/>
    <property name="maven.conf" value="I:\Learning\Selenium Setup files\apache-maven-3.8.5-bin\apache-maven-3.8.5\conf"/>
    <property name="ProgramW6432" value="C:\Program Files"/>
    <property name="TMP" value="C:\Users\Sagar\AppData\Local\Temp"/>
    <property name="SSAPR" value="C:\Informatica\9.1.0\services\DQContent\INFA_Content\identity"/>
    <property name="sun.cpu.endian" value="little"/>
    <property name="SystemDrive" value="C:"/>
    <property name="java.vm.version" value="25.192-b12"/>
    <property name="java.class.path" value="C:\Users\Sagar\.jenkins\plugins\maven-plugin\WEB-INF\lib\maven35-agent-1.13.jar;I:\Learning\Selenium Setup files\apache-maven-3.8.5-bin\apache-maven-3.8.5\boot\plexus-classworlds-2.6.0.jar;I:\Learning\Selenium Setup files\apache-maven-3.8.5-bin\apache-maven-3.8.5/conf/logging"/>
    <property name="org.slf4j.simpleLogger.defaultLogLevel" value="info"/>
    <property name="os.arch" value="amd64"/>
    <property name="WORKSPACE" value="C:\Users\Sagar\.jenkins\workspace\Maven_Hybrid_Project"/>
    <property name="ComSpec" value="C:\WINDOWS\system32\cmd.exe"/>
    <property name="RUN_TESTS_DISPLAY_URL" value="http://localhost:8080/job/Maven_Hybrid_Project/3/display/redirect?page=tests"/>
    <property name="sun.java.launcher" value="SUN_STANDARD"/>
    <property name="FPS_BROWSER_APP_PROFILE_STRING" value="Internet Explorer"/>
    <property name="SystemRoot" value="C:\WINDOWS"/>
    <property name="=I:" value="I:\Learning\Selenium Setup files\Jenkins"/>
    <property name="CommonProgramFiles" value="C:\Program Files\Common Files"/>
    <property name="java.vm.specification.vendor" value="Oracle Corporation"/>
    <property name="FPS_BROWSER_USER_PROFILE_STRING" value="Default"/>
    <property name="file.separator" value="\"/>
    <property name="java.runtime.version" value="1.8.0_192-b12"/>
    <property name="ProgramFiles" value="C:\Program Files"/>
    <property name="sun.boot.class.path" value="C:\Program Files\Java\jdk1.8.0_192\jre\lib\resources.jar;C:\Program Files\Java\jdk1.8.0_192\jre\lib\rt.jar;C:\Program Files\Java\jdk1.8.0_192\jre\lib\sunrsasign.jar;C:\Program Files\Java\jdk1.8.0_192\jre\lib\jsse.jar;C:\Program Files\Java\jdk1.8.0_192\jre\lib\jce.jar;C:\Program Files\Java\jdk1.8.0_192\jre\lib\charsets.jar;C:\Program Files\Java\jdk1.8.0_192\jre\lib\jfr.jar;C:\Program Files\Java\jdk1.8.0_192\jre\classes"/>
    <property name="PATH+JDK" value="C:\Program Files\Java\jdk1.8.0_192/bin"/>
    <property name="user.country" value="IN"/>
    <property name="POM_PACKAGING" value="jar"/>
    <property name="maven.home" value="I:\Learning\Selenium Setup files\apache-maven-3.8.5-bin\apache-maven-3.8.5"/>
    <property name="JOB_BASE_NAME" value="Maven_Hybrid_Project"/>
    <property name="java.vendor" value="Oracle Corporation"/>
    <property name="POM_DISPLAYNAME" value="Maven_Hybrid_Project"/>
    <property name="java.specification.version" value="1.8"/>
    <property name="sun.arch.data.model" value="64"/>
  </properties>
  <testcase name="sample" classname="sample.Testss" time="11.174"/>
</testsuite>