<?xml version="1.0" encoding="UTF-8"?>
<!-- Generated by org.testng.reporters.JUnitReportReporter -->
<testsuite ignored="0" hostname="LAPTOP-9DP72GKA" failures="0" tests="1" name="sample.Testss" time="8.898" errors="0" timestamp="20 Mar 2022 05:29:22 GMT" skipped="0">
  <testcase classname="sample.Testss" name="sample" time="8.898"/>
</testsuite> <!-- sample.Testss -->
