<?xml version="1.0" encoding="UTF-8"?>
<!-- Generated by org.testng.reporters.JUnitReportReporter -->
<testsuite name="sample.Testss" tests="1" time="11.173" ignored="0" failures="0" timestamp="23 Mar 2022 02:19:24 GMT" skipped="0" hostname="LAPTOP-9DP72GKA" errors="0">
  <testcase name="sample" time="11.173" classname="sample.Testss"/>
</testsuite> <!-- sample.Testss -->
